isolates/build/app/intermediates/manifest_merge_blame_file/debug/manifest-merger-blame-debug-report.txt
1<?xml version="1.0" encoding="utf-8"?>
2<!--
3 Copyright 2014 The Flutter Authors. All rights reserved.
4Use of this source code is governed by a BSD-style license that can be
5found in the LICENSE file.
6-->
7<manifest xmlns:android="http://schemas.android.com/apk/res/android"
8    package="com.example.isolates"
9    android:versionCode="1"
10    android:versionName="1.0.0" >
11
12    <uses-sdk
13        android:minSdkVersion="16"
14        android:targetSdkVersion="28" />
15    <!--
16         Flutter needs it to communicate with the running application
17         to allow setting breakpoints, to provide hot reload, etc.
18    -->
19    <uses-permission android:name="android.permission.INTERNET" />
19-->src/debug/AndroidManifest.xml:10:5-66
19-->src/debug/AndroidManifest.xml:10:22-64
20    <!--
21     io.flutter.app.FlutterApplication is an android.app.Application that
22         calls FlutterMain.startInitialization(this); in its onCreate method.
23         In most cases you can leave this as-is, but you if you want to provide
24         additional functionality it is fine to subclass or reimplement
25         FlutterApplication and put your custom class here.
26    -->
27    <application
27-->src/main/AndroidManifest.xml:12:5-50:19
28        android:name="io.flutter.app.FlutterApplication"
28-->src/main/AndroidManifest.xml:13:9-57
29        android:appComponentFactory="androidx.core.app.CoreComponentFactory"
29-->[androidx.core:core:1.1.0] AndroidManifest.xml:24:18-86
30        android:debuggable="true"
31        android:icon="@mipmap/ic_launcher"
31-->src/main/AndroidManifest.xml:15:9-43
32        android:label="isolates" >
32-->src/main/AndroidManifest.xml:14:9-33
33        <activity
33-->src/main/AndroidManifest.xml:16:9-44:20
34            android:name="com.example.isolates.MainActivity"
34-->src/main/AndroidManifest.xml:17:13-41
35            android:configChanges="orientation|keyboardHidden|keyboard|screenSize|smallestScreenSize|locale|layoutDirection|fontScale|screenLayout|density|uiMode"
35-->src/main/AndroidManifest.xml:20:13-163
36            android:hardwareAccelerated="true"
36-->src/main/AndroidManifest.xml:21:13-47
37            android:launchMode="singleTop"
37-->src/main/AndroidManifest.xml:18:13-43
38            android:theme="@style/LaunchTheme"
38-->src/main/AndroidManifest.xml:19:13-47
39            android:windowSoftInputMode="adjustResize" >
39-->src/main/AndroidManifest.xml:22:13-55
40
41            <!--
42                 Specifies an Android theme to apply to this Activity as soon as
43                 the Android process has started. This theme is visible to the user
44                 while the Flutter UI initializes. After that, this theme continues
45                 to determine the Window background behind the Flutter UI.
46            -->
47            <meta-data
47-->src/main/AndroidManifest.xml:27:13-30:17
48                android:name="io.flutter.embedding.android.NormalTheme"
48-->src/main/AndroidManifest.xml:28:15-70
49                android:resource="@style/NormalTheme" />
49-->src/main/AndroidManifest.xml:29:15-52
50            <!--
51                 Displays an Android View that continues showing the launch screen
52                 Drawable until Flutter paints its first frame, then this splash
53                 screen fades out. A splash screen is useful to avoid any visual
54                 gap between the end of Android's launch screen and the painting of
55                 Flutter's first frame.
56            -->
57            <meta-data
57-->src/main/AndroidManifest.xml:36:13-39:17
58                android:name="io.flutter.embedding.android.SplashScreenDrawable"
58-->src/main/AndroidManifest.xml:37:15-79
59                android:resource="@drawable/launch_background" />
59-->src/main/AndroidManifest.xml:38:15-61
60
61            <intent-filter>
61-->src/main/AndroidManifest.xml:40:13-43:29
62                <action android:name="android.intent.action.MAIN" />
62-->src/main/AndroidManifest.xml:41:17-68
62-->src/main/AndroidManifest.xml:41:25-66
63
64                <category android:name="android.intent.category.LAUNCHER" />
64-->src/main/AndroidManifest.xml:42:17-76
64-->src/main/AndroidManifest.xml:42:27-74
65            </intent-filter>
66        </activity>
67        <!--
68             Don't delete the meta-data below.
69             This is used by the Flutter tool to generate GeneratedPluginRegistrant.java
70        -->
71        <meta-data
71-->src/main/AndroidManifest.xml:47:9-49:33
72            android:name="flutterEmbedding"
72-->src/main/AndroidManifest.xml:48:13-44
73            android:value="2" />
73-->src/main/AndroidManifest.xml:49:13-30
74    </application>
75
76</manifest>